<?xml version="1.0" encoding="UTF-8"?>
<!-- Generated by org.testng.reporters.JUnitReportReporter -->
<testsuite hostname="PRINHYLTPHP0476" name="com.java.generics.GroupDemo" tests="1" failures="0" timestamp="7 Jun 2019 09:21:39 GMT" time="0.017" errors="0">
  <testcase name="testSalutationMessage" time="0.017" classname="com.java.generics.GroupDemo"/>
</testsuite> <!-- com.java.generics.GroupDemo -->
