<?xml version="1.0" encoding="UTF-8"?>
<!-- Generated by org.testng.reporters.JUnitReportReporter -->
<testsuite hostname="PRINHYLTPHP0476" name="com.java.generics.TestNGAnotation_2" tests="1" failures="0" timestamp="6 Jun 2019 07:32:22 GMT" time="0.001" errors="0">
  <testcase name="test3" time="0.001" classname="com.java.generics.TestNGAnotation_2"/>
</testsuite> <!-- com.java.generics.TestNGAnotation_2 -->
